<?xml version="1.0" encoding="UTF-8"?>
<testsuite xmlns:xsi="http://www.w3.org/2001/XMLSchema-instance" xsi:noNamespaceSchemaLocation="https://maven.apache.org/surefire/maven-surefire-plugin/xsd/surefire-test-report-3.0.xsd" version="3.0" name="at.RefugeesCode.helloworld.HelloWorldTest" time="1.372" tests="1" errors="0" skipped="0" failures="0">
  <properties>
[...]
</properties>
  <testcase name="sayHelloWorld" classname="at.RefugeesCode.helloworld.HelloWorldTest" time="0.298">
    <system-out><![CDATA[12:13:32.314 [main] DEBUG org.springframework.test.context.BootstrapUtils - Instantiating CacheAwareContextLoaderDelegate from class [org.springframework.test.context.cache.DefaultCacheAwareContextLoaderDelegate]
12:13:32.329 [main] DEBUG org.springframework.test.context.BootstrapUtils - Instantiating BootstrapContext using constructor [public org.springframework.test.context.support.DefaultBootstrapContext(java.lang.Class,org.springframework.test.context.CacheAwareContextLoaderDelegate)]
12:13:32.363 [main] DEBUG org.springframework.test.context.BootstrapUtils - Instantiating TestContextBootstrapper for test class [at.RefugeesCode.helloworld.HelloWorldTest] from class [org.springframework.boot.test.context.SpringBootTestContextBootstrapper]
12:13:32.376 [main] INFO org.springframework.boot.test.context.SpringBootTestContextBootstrapper - Neither @ContextConfiguration nor @ContextHierarchy found for test class [at.RefugeesCode.helloworld.HelloWorldTest], using SpringBootContextLoader
12:13:32.381 [main] DEBUG org.springframework.test.context.support.AbstractContextLoader - Did not detect default resource location for test class [at.RefugeesCode.helloworld.HelloWorldTest]: class path resource [at/RefugeesCode/helloworld/HelloWorldTest-context.xml] does not exist
12:13:32.381 [main] DEBUG org.springframework.test.context.support.AbstractContextLoader - Did not detect default resource location for test class [at.RefugeesCode.helloworld.HelloWorldTest]: class path resource [at/RefugeesCode/helloworld/HelloWorldTestContext.groovy] does not exist
12:13:32.385 [main] INFO org.springframework.test.context.support.AbstractContextLoader - Could not detect default resource locations for test class [at.RefugeesCode.helloworld.HelloWorldTest]: no resource found for suffixes {-context.xml, Context.groovy}.
12:13:32.386 [main] INFO org.springframework.test.context.support.AnnotationConfigContextLoaderUtils - Could not detect default configuration classes for test class [at.RefugeesCode.helloworld.HelloWorldTest]: HelloWorldTest does not declare any static, non-private, non-final, nested classes annotated with @Configuration.
12:13:32.426 [main] DEBUG org.springframework.test.context.support.ActiveProfilesUtils - Could not find an 'annotation declaring class' for annotation type [org.springframework.test.context.ActiveProfiles] and class [at.RefugeesCode.helloworld.HelloWorldTest]
12:13:32.485 [main] DEBUG org.springframework.context.annotation.ClassPathScanningCandidateComponentProvider - Identified candidate component class: file [/Users/JM/Desktop/helloworld/target/classes/at/RefugeesCode/helloworld/HelloworldApplication.class]
12:13:32.487 [main] INFO org.springframework.boot.test.context.SpringBootTestContextBootstrapper - Found @SpringBootConfiguration at.RefugeesCode.helloworld.HelloworldApplication for test class at.RefugeesCode.helloworld.HelloWorldTest
12:13:32.568 [main] DEBUG org.springframework.boot.test.context.SpringBootTestContextBootstrapper - @TestExecutionListeners is not present for class [at.RefugeesCode.helloworld.HelloWorldTest]: using defaults.
12:13:32.568 [main] INFO org.springframework.boot.test.context.SpringBootTestContextBootstrapper - Loaded default TestExecutionListener class names from location [META-INF/spring.factories]: [org.springframework.boot.test.mock.mockito.MockitoTestExecutionListener, org.springframework.boot.test.mock.mockito.ResetMocksTestExecutionListener, org.springframework.boot.test.autoconfigure.restdocs.RestDocsTestExecutionListener, org.springframework.boot.test.autoconfigure.web.client.MockRestServiceServerResetTestExecutionListener, org.springframework.boot.test.autoconfigure.web.servlet.MockMvcPrintOnlyOnFailureTestExecutionListener, org.springframework.boot.test.autoconfigure.web.servlet.WebDriverTestExecutionListener, org.springframework.boot.test.autoconfigure.webservices.client.MockWebServiceServerTestExecutionListener, org.springframework.test.context.web.ServletTestExecutionListener, org.springframework.test.context.support.DirtiesContextBeforeModesTestExecutionListener, org.springframework.test.context.event.ApplicationEventsTestExecutionListener, org.springframework.test.context.support.DependencyInjectionTestExecutionListener, org.springframework.test.context.support.DirtiesContextTestExecutionListener, org.springframework.test.context.transaction.TransactionalTestExecutionListener, org.springframework.test.context.jdbc.SqlScriptsTestExecutionListener, org.springframework.test.context.event.EventPublishingTestExecutionListener]
12:13:32.575 [main] DEBUG org.springframework.boot.test.context.SpringBootTestContextBootstrapper - Skipping candidate TestExecutionListener [org.springframework.test.context.web.ServletTestExecutionListener] due to a missing dependency. Specify custom listener classes or make the default listener classes and their required dependencies available. Offending class: [javax/servlet/ServletContext]
12:13:32.576 [main] DEBUG org.springframework.boot.test.context.SpringBootTestContextBootstrapper - Skipping candidate TestExecutionListener [org.springframework.test.context.transaction.TransactionalTestExecutionListener] due to a missing dependency. Specify custom listener classes or make the default listener classes and their required dependencies available. Offending class: [org/springframework/transaction/interceptor/TransactionAttributeSource]
12:13:32.577 [main] DEBUG org.springframework.boot.test.context.SpringBootTestContextBootstrapper - Skipping candidate TestExecutionListener [org.springframework.test.context.jdbc.SqlScriptsTestExecutionListener] due to a missing dependency. Specify custom listener classes or make the default listener classes and their required dependencies available. Offending class: [org/springframework/transaction/interceptor/TransactionAttribute]
12:13:32.577 [main] INFO org.springframework.boot.test.context.SpringBootTestContextBootstrapper - Using TestExecutionListeners: [org.springframework.test.context.support.DirtiesContextBeforeModesTestExecutionListener@1787bc24, org.springframework.test.context.event.ApplicationEventsTestExecutionListener@544d57e, org.springframework.boot.test.mock.mockito.MockitoTestExecutionListener@55c53a33, org.springframework.boot.test.autoconfigure.SpringBootDependencyInjectionTestExecutionListener@53b7f657, org.springframework.test.context.support.DirtiesContextTestExecutionListener@797b0699, org.springframework.test.context.event.EventPublishingTestExecutionListener@5a37d3ed, org.springframework.boot.test.mock.mockito.ResetMocksTestExecutionListener@26df6e3a, org.springframework.boot.test.autoconfigure.restdocs.RestDocsTestExecutionListener@4a3631f8, org.springframework.boot.test.autoconfigure.web.client.MockRestServiceServerResetTestExecutionListener@6b58b9e9, org.springframework.boot.test.autoconfigure.web.servlet.MockMvcPrintOnlyOnFailureTestExecutionListener@f14a7d4, org.springframework.boot.test.autoconfigure.web.servlet.WebDriverTestExecutionListener@52e7a6b2, org.springframework.boot.test.autoconfigure.webservices.client.MockWebServiceServerTestExecutionListener@29a5f4e7]
12:13:32.580 [main] DEBUG org.springframework.test.context.support.AbstractDirtiesContextTestExecutionListener - Before test class: context [DefaultTestContext@389c4eb1 testClass = HelloWorldTest, testInstance = [null], testMethod = [null], testException = [null], mergedContextConfiguration = [MergedContextConfiguration@3fc79729 testClass = HelloWorldTest, locations = '{}', classes = '{class at.RefugeesCode.helloworld.HelloworldApplication}', contextInitializerClasses = '[]', activeProfiles = '{}', propertySourceLocations = '{}', propertySourceProperties = '{org.springframework.boot.test.context.SpringBootTestContextBootstrapper=true}', contextCustomizers = set[org.springframework.boot.test.context.filter.ExcludeFilterContextCustomizer@313b2ea6, org.springframework.boot.test.json.DuplicateJsonObjectContextCustomizerFactory$DuplicateJsonObjectContextCustomizer@623a8092, org.springframework.boot.test.mock.mockito.MockitoContextCustomizer@0, org.springframework.boot.test.web.client.TestRestTemplateContextCustomizer@740773a3, org.springframework.boot.test.autoconfigure.actuate.metrics.MetricsExportContextCustomizerFactory$DisableMetricExportContextCustomizer@5ab9e72c, org.springframework.boot.test.autoconfigure.properties.PropertyMappingContextCustomizer@0, org.springframework.boot.test.autoconfigure.web.servlet.WebDriverContextCustomizerFactory$Customizer@5f683daf, org.springframework.boot.test.context.SpringBootTestArgs@1, org.springframework.boot.test.context.SpringBootTestWebEnvironment@167fdd33], contextLoader = 'org.springframework.boot.test.context.SpringBootContextLoader', parent = [null]], attributes = map[[empty]]], class annotated with @DirtiesContext [false] with mode [null].
12:13:32.590 [main] DEBUG org.springframework.test.context.support.DependencyInjectionTestExecutionListener - Performing dependency injection for test context [[DefaultTestContext@389c4eb1 testClass = HelloWorldTest, testInstance = at.RefugeesCode.helloworld.HelloWorldTest@78aa1f72, testMethod = [null], testException = [null], mergedContextConfiguration = [MergedContextConfiguration@3fc79729 testClass = HelloWorldTest, locations = '{}', classes = '{class at.RefugeesCode.helloworld.HelloworldApplication}', contextInitializerClasses = '[]', activeProfiles = '{}', propertySourceLocations = '{}', propertySourceProperties = '{org.springframework.boot.test.context.SpringBootTestContextBootstrapper=true}', contextCustomizers = set[org.springframework.boot.test.context.filter.ExcludeFilterContextCustomizer@313b2ea6, org.springframework.boot.test.json.DuplicateJsonObjectContextCustomizerFactory$DuplicateJsonObjectContextCustomizer@623a8092, org.springframework.boot.test.mock.mockito.MockitoContextCustomizer@0, org.springframework.boot.test.web.client.TestRestTemplateContextCustomizer@740773a3, org.springframework.boot.test.autoconfigure.actuate.metrics.MetricsExportContextCustomizerFactory$DisableMetricExportContextCustomizer@5ab9e72c, org.springframework.boot.test.autoconfigure.properties.PropertyMappingContextCustomizer@0, org.springframework.boot.test.autoconfigure.web.servlet.WebDriverContextCustomizerFactory$Customizer@5f683daf, org.springframework.boot.test.context.SpringBootTestArgs@1, org.springframework.boot.test.context.SpringBootTestWebEnvironment@167fdd33], contextLoader = 'org.springframework.boot.test.context.SpringBootContextLoader', parent = [null]], attributes = map['org.springframework.test.context.event.ApplicationEventsTestExecutionListener.recordApplicationEvents' -> false]]].
12:13:32.614 [main] DEBUG org.springframework.test.context.support.TestPropertySourceUtils - Adding inlined properties to environment: {spring.jmx.enabled=false, org.springframework.boot.test.context.SpringBootTestContextBootstrapper=true}

  .   ____          _            __ _ _
 /\\ / ___'_ __ _ _(_)_ __  __ _ \ \ \ \
( ( )\___ | '_ | '_| | '_ \/ _` | \ \ \ \
 \\/  ___)| |_)| | | | | || (_| |  ) ) ) )
  '  |____| .__|_| |_|_| |_\__, | / / / /
 =========|_|==============|___/=/_/_/_/
 :: Spring Boot ::                (v2.5.4)

2023-08-01 12:13:32.834  INFO 38211 --- [           main] a.R.helloworld.HelloWorldTest            : Starting HelloWorldTest using Java 20.0.1 on RPCs-MacBook-Pro.local with PID 38211 (started by JM in /Users/JM/Desktop/helloworld)
2023-08-01 12:13:32.836  INFO 38211 --- [           main] a.R.helloworld.HelloWorldTest            : No active profile set, falling back to default profiles: default
2023-08-01 12:13:33.265  INFO 38211 --- [           main] a.R.helloworld.HelloWorldTest            : Started HelloWorldTest in 0.65 seconds (JVM running for 1.56)
Hello World
]]></system-out>
  </testcase>
</testsuite>